<?xml version="1.0" encoding="UTF-8"?>
<!-- Generated by org.testng.reporters.JUnitXMLReporter -->
<testsuite ignored="6" hostname="Srikar" failures="0" tests="4" name="Test" time="88.874" errors="0" timestamp="2025-12-26T13:28:57 IST">
  <testcase classname="contactModule.ContactScenariosTest" name="conWithOrgTest" time="27.848"/>
  <testcase classname="contactModule.ContactScenariosTest" name="conWithSuppDateTest" time="14.131"/>
  <testcase classname="organizationModule.OrgScenariosTest" name="OrgWithIndAndTypeTest" time="14.344"/>
  <testcase classname="organizationModule.OrgScenariosTest" name="createOrgWithPhnoTest" time="12.389"/>
  <testcase classname="organizationModule.OrgScenariosTest" name="createOrgTest" time="0.0">
    <ignored/>
  </testcase> <!-- createOrgTest -->
  <testcase classname="BaseClassUtility.BaseClass" name="@BeforeTest configParallelExe" time="0.0">
    <ignored/>
  </testcase> <!-- @BeforeTest configParallelExe -->
  <testcase classname="BaseClassUtility.BaseClass" name="@AfterTest closeParallelExe" time="0.0">
    <ignored/>
  </testcase> <!-- @AfterTest closeParallelExe -->
  <testcase classname="contactModule.ContactScenariosTest" name="createConTest" time="0.0">
    <ignored/>
  </testcase> <!-- createConTest -->
  <testcase classname="BaseClassUtility.BaseClass" name="@AfterSuite disconnectWithDatabase" time="0.0">
    <ignored/>
  </testcase> <!-- @AfterSuite disconnectWithDatabase -->
  <testcase classname="BaseClassUtility.BaseClass" name="@BeforeSuite connectToDatabase" time="0.0">
    <ignored/>
  </testcase> <!-- @BeforeSuite connectToDatabase -->
</testsuite> <!-- Test -->
