<?xml version="1.0" encoding="UTF-8"?>
<!-- Generated by org.testng.reporters.JUnitXMLReporter -->
<testsuite ignored="4" hostname="Srikar" failures="0" tests="6" name="Test_chrome" time="0.149" errors="0" timestamp="2025-12-23T13:31:56 IST">
  <testcase classname="BaseClassUtility.BaseClass" name="@BeforeTest configParallelExe" time="0.0">
    <skipped/>
  </testcase> <!-- @BeforeTest configParallelExe -->
  <testcase classname="BaseClassUtility.BaseClass" name="@BeforeTest configParallelExe" time="0.0">
    <skipped/>
  </testcase> <!-- @BeforeTest configParallelExe -->
  <testcase classname="BaseClassUtility.BaseClass" name="@BeforeClass launchTheBrowser" time="0.0">
    <skipped/>
  </testcase> <!-- @BeforeClass launchTheBrowser -->
  <testcase classname="BaseClassUtility.BaseClass" name="@BeforeClass launchTheBrowser" time="0.0">
    <skipped/>
  </testcase> <!-- @BeforeClass launchTheBrowser -->
  <testcase classname="BaseClassUtility.BaseClass" name="@BeforeMethod login" time="0.0">
    <skipped/>
  </testcase> <!-- @BeforeMethod login -->
  <testcase classname="BaseClassUtility.BaseClass" name="@BeforeMethod login" time="0.0">
    <skipped/>
  </testcase> <!-- @BeforeMethod login -->
  <testcase classname="BaseClassUtility.BaseClass" name="@AfterTest closeParallelExe" time="0.0">
    <skipped/>
  </testcase> <!-- @AfterTest closeParallelExe -->
  <testcase classname="BaseClassUtility.BaseClass" name="@AfterMethod logout" time="0.0">
    <skipped/>
  </testcase> <!-- @AfterMethod logout -->
  <testcase classname="BaseClassUtility.BaseClass" name="@BeforeMethod login" time="0.0">
    <skipped/>
  </testcase> <!-- @BeforeMethod login -->
  <testcase classname="BaseClassUtility.BaseClass" name="@AfterMethod logout" time="0.0">
    <skipped/>
  </testcase> <!-- @AfterMethod logout -->
  <testcase classname="BaseClassUtility.BaseClass" name="@BeforeMethod login" time="0.0">
    <skipped/>
  </testcase> <!-- @BeforeMethod login -->
  <testcase classname="BaseClassUtility.BaseClass" name="@AfterMethod logout" time="0.0">
    <skipped/>
  </testcase> <!-- @AfterMethod logout -->
  <testcase classname="BaseClassUtility.BaseClass" name="@AfterClass quitTheBrowser" time="0.0">
    <skipped/>
  </testcase> <!-- @AfterClass quitTheBrowser -->
  <testcase classname="BaseClassUtility.BaseClass" name="@BeforeClass launchTheBrowser" time="0.0">
    <skipped/>
  </testcase> <!-- @BeforeClass launchTheBrowser -->
  <testcase classname="BaseClassUtility.BaseClass" name="@BeforeMethod login" time="0.0">
    <skipped/>
  </testcase> <!-- @BeforeMethod login -->
  <testcase classname="BaseClassUtility.BaseClass" name="@AfterMethod logout" time="0.0">
    <skipped/>
  </testcase> <!-- @AfterMethod logout -->
  <testcase classname="BaseClassUtility.BaseClass" name="@BeforeMethod login" time="0.0">
    <skipped/>
  </testcase> <!-- @BeforeMethod login -->
  <testcase classname="BaseClassUtility.BaseClass" name="@AfterMethod logout" time="0.0">
    <skipped/>
  </testcase> <!-- @AfterMethod logout -->
  <testcase classname="BaseClassUtility.BaseClass" name="@BeforeMethod login" time="0.0">
    <skipped/>
  </testcase> <!-- @BeforeMethod login -->
  <testcase classname="BaseClassUtility.BaseClass" name="@AfterMethod logout" time="0.0">
    <skipped/>
  </testcase> <!-- @AfterMethod logout -->
  <testcase classname="BaseClassUtility.BaseClass" name="@AfterClass quitTheBrowser" time="0.0">
    <skipped/>
  </testcase> <!-- @AfterClass quitTheBrowser -->
  <testcase classname="BaseClassUtility.BaseClass" name="@AfterTest closeParallelExe" time="0.0">
    <skipped/>
  </testcase> <!-- @AfterTest closeParallelExe -->
  <testcase classname="contactModule.ContactScenariosTest" name="conWithOrgTest" time="0.0">
    <skipped/>
  </testcase> <!-- conWithOrgTest -->
  <testcase classname="contactModule.ContactScenariosTest" name="conWithSuppDateTest" time="0.001">
    <skipped/>
  </testcase> <!-- conWithSuppDateTest -->
  <testcase classname="contactModule.ContactScenariosTest" name="createConTest" time="0.0">
    <skipped/>
  </testcase> <!-- createConTest -->
  <testcase classname="organizationModule.OrgScenariosTest" name="OrgWithIndAndTypeTest" time="0.0">
    <skipped/>
  </testcase> <!-- OrgWithIndAndTypeTest -->
  <testcase classname="organizationModule.OrgScenariosTest" name="createOrgTest" time="0.0">
    <skipped/>
  </testcase> <!-- createOrgTest -->
  <testcase classname="organizationModule.OrgScenariosTest" name="createOrgWithPhnoTest" time="0.0">
    <skipped/>
  </testcase> <!-- createOrgWithPhnoTest -->
  <testcase classname="BaseClassUtility.BaseClass" name="@BeforeTest configParallelExe" time="0.0">
    <ignored/>
  </testcase> <!-- @BeforeTest configParallelExe -->
  <testcase classname="BaseClassUtility.BaseClass" name="@AfterTest closeParallelExe" time="0.0">
    <ignored/>
  </testcase> <!-- @AfterTest closeParallelExe -->
  <testcase classname="BaseClassUtility.BaseClass" name="@BeforeSuite connectToDatabase" time="0.0">
    <ignored/>
  </testcase> <!-- @BeforeSuite connectToDatabase -->
  <testcase classname="BaseClassUtility.BaseClass" name="@AfterSuite disconnectWithDatabase" time="0.0">
    <ignored/>
  </testcase> <!-- @AfterSuite disconnectWithDatabase -->
</testsuite> <!-- Test_chrome -->
