<?xml version="1.0" encoding="UTF-8"?>
<!-- Generated by org.testng.reporters.JUnitReportReporter -->
<testsuite hostname="Srikar" failures="0" tests="2" name="organizationModule.OrgScenariosTest" time="36.484" errors="0" timestamp="2025-12-26T13:28:58 IST" skipped="0">
  <testcase classname="organizationModule.OrgScenariosTest" name="createOrgWithPhnoTest" time="17.925">
    <system-out>
      <![CDATA[createOrgWithPhnoTest : Test Execution Started
createOrgWithPhnoTest : Test Execution Success]]>
    </system-out>
  </testcase> <!-- createOrgWithPhnoTest -->
  <testcase classname="organizationModule.OrgScenariosTest" name="OrgWithIndAndTypeTest" time="18.559">
    <system-out>
      <![CDATA[OrgWithIndAndTypeTest : Test Execution Started
OrgWithIndAndTypeTest : Test Execution Success]]>
    </system-out>
  </testcase> <!-- OrgWithIndAndTypeTest -->
  <system-out>
    <![CDATA[Suite Execution started -Adv report configuration
Get connection with the Database
Configuration of parallel execution
Launch the browser
Login to the application
conWithOrgTest : Test Execution Started
conWithOrgTest : Test Execution Success
Logout from the application
Login to the application
conWithSuppDateTest : Test Execution Started
2025-12-26
2026-01-25
conWithSuppDateTest : Test Execution Success
Logout from the application
Quit the Browser
Launch the browser
Login to the application
OrgWithIndAndTypeTest : Test Execution Started
OrgWithIndAndTypeTest : Test Execution Success
Logout from the application
Login to the application
createOrgWithPhnoTest : Test Execution Started
createOrgWithPhnoTest : Test Execution Success
Logout from the application
Quit the Browser
Close Parallel Execution
Disconnect with the Database]]>
  </system-out>
</testsuite> <!-- organizationModule.OrgScenariosTest -->
