<?xml version="1.0" encoding="UTF-8"?>
<!-- Generated by org.testng.reporters.JUnitReportReporter -->
<testsuite hostname="Srikar" failures="0" tests="1" name="organizationModule.CreateOrgTest" time="18.494" errors="0" timestamp="2025-12-26T12:57:37 IST" skipped="0">
  <testcase classname="organizationModule.CreateOrgTest" name="createOrgTest" time="18.494">
    <system-out>
      <![CDATA[Create Org Test Pass]]>
    </system-out>
  </testcase> <!-- createOrgTest -->
  <system-out>
    <![CDATA[Get connection with the Database
Configuration of parallel execution
Launch the browser
Login to the application
Create Org Test Pass
Logout from the application
Quit the Browser
Close Parallel Execution
Disconnect with the Database]]>
  </system-out>
</testsuite> <!-- organizationModule.CreateOrgTest -->
