<?xml version="1.0" encoding="UTF-8"?>
<!-- Generated by org.testng.reporters.JUnitReportReporter -->
<testsuite hostname="Srikar" failures="0" tests="2" name="contactModule.ContactScenariosTest" time="50.134" errors="0" timestamp="2025-12-26T13:28:58 IST" skipped="0">
  <testcase classname="contactModule.ContactScenariosTest" name="conWithSuppDateTest" time="18.583">
    <system-out>
      <![CDATA[conWithSuppDateTest : Test Execution Started
2025-12-26
2026-01-25
conWithSuppDateTest : Test Execution Success]]>
    </system-out>
  </testcase> <!-- conWithSuppDateTest -->
  <testcase classname="contactModule.ContactScenariosTest" name="conWithOrgTest" time="31.551">
    <system-out>
      <![CDATA[conWithOrgTest : Test Execution Started
conWithOrgTest : Test Execution Success]]>
    </system-out>
  </testcase> <!-- conWithOrgTest -->
  <system-out>
    <![CDATA[Suite Execution started -Adv report configuration
Get connection with the Database
Configuration of parallel execution
Launch the browser
Login to the application
conWithOrgTest : Test Execution Started
conWithOrgTest : Test Execution Success
Logout from the application
Login to the application
conWithSuppDateTest : Test Execution Started
2025-12-26
2026-01-25
conWithSuppDateTest : Test Execution Success
Logout from the application
Quit the Browser
Launch the browser
Login to the application
OrgWithIndAndTypeTest : Test Execution Started
OrgWithIndAndTypeTest : Test Execution Success
Logout from the application
Login to the application
createOrgWithPhnoTest : Test Execution Started
createOrgWithPhnoTest : Test Execution Success
Logout from the application
Quit the Browser
Close Parallel Execution
Disconnect with the Database]]>
  </system-out>
</testsuite> <!-- contactModule.ContactScenariosTest -->
